<?xml version="1.0" encoding="UTF-8"?>
<testsuite name="MainTest" tests="1" skipped="0" failures="0" errors="0" timestamp="2022-10-12T01:16:18" hostname="DESKTOP-427PK45" time="0.018">
  <properties/>
  <testcase name="testOrderAndBoundaries()" classname="MainTest" time="0.018"/>
  <system-out><![CDATA[]]></system-out>
  <system-err><![CDATA[]]></system-err>
</testsuite>
